[debug] [2023-01-26T14:36:31.182Z] ----------------------------------------------------------------------
[debug] [2023-01-26T14:36:31.185Z] Command:       C:\Program Files\nodejs\node.exe C:\Users\ramin\AppData\Roaming\npm\node_modules\firebase-tools\lib\bin\firebase.js init
[debug] [2023-01-26T14:36:31.186Z] CLI Version:   11.21.0
[debug] [2023-01-26T14:36:31.186Z] Platform:      win32
[debug] [2023-01-26T14:36:31.186Z] Node Version:  v16.16.0
[debug] [2023-01-26T14:36:31.187Z] Time:          Thu Jan 26 2023 15:36:31 GMT+0100 (Mitteleuropäische Normalzeit)
[debug] [2023-01-26T14:36:31.187Z] ----------------------------------------------------------------------
[debug] 
[debug] [2023-01-26T14:36:31.196Z] > command requires scopes: ["email","openid","https://www.googleapis.com/auth/cloudplatformprojects.readonly","https://www.googleapis.com/auth/firebase","https://www.googleapis.com/auth/cloud-platform"]
[debug] [2023-01-26T14:36:31.196Z] > authorizing via signed-in user (rameensher15@gmail.com)
[info] 
     ######## #### ########  ######## ########     ###     ######  ########
     ##        ##  ##     ## ##       ##     ##  ##   ##  ##       ##
     ######    ##  ########  ######   ########  #########  ######  ######
     ##        ##  ##    ##  ##       ##     ## ##     ##       ## ##
     ##       #### ##     ## ######## ########  ##     ##  ######  ########

You're about to initialize a Firebase project in this directory:

  C:\Users\ramin\Desktop\auth-01-starting-project

[info] 
=== Project Setup
[info] 
[info] First, let's associate this project directory with a Firebase project.
[info] You can create multiple project aliases by running firebase use --add, 
[info] but for now we'll just set up a default project.
[info] 
[info] i  If you want to create a project in a Google Cloud organization or folder, please use "firebase projects:create" instead, and return to this command when you've created the project. 
[debug] [2023-01-26T14:37:51.767Z] >>> [apiv2][query] POST https://cloudresourcemanager.googleapis.com/v1/projects [none]
[debug] [2023-01-26T14:37:51.767Z] >>> [apiv2][body] POST https://cloudresourcemanager.googleapis.com/v1/projects {"projectId":"FindingCoach ","name":"Y"}
[debug] [2023-01-26T14:37:52.059Z] <<< [apiv2][status] POST https://cloudresourcemanager.googleapis.com/v1/projects 400
[debug] [2023-01-26T14:37:52.059Z] <<< [apiv2][body] POST https://cloudresourcemanager.googleapis.com/v1/projects {"error":{"code":400,"message":"Request contains an invalid argument.","status":"INVALID_ARGUMENT","details":[{"@type":"type.googleapis.com/google.rpc.BadRequest","fieldViolations":[{"field":"project_id","description":"project_id contains invalid characters"},{"field":"display_name","description":"project display name must be at least 4 characters"}]},{"@type":"type.googleapis.com/google.rpc.Help","links":[{"url":"https://cloud.google.com/resource-manager/reference/rest/v1/projects"}]}]}}
[debug] [2023-01-26T14:37:52.240Z] FirebaseError: HTTP Error: 400, Request contains an invalid argument.
    at responseToError (C:\Users\ramin\AppData\Roaming\npm\node_modules\firebase-tools\lib\responseToError.js:49:12)
    at RetryOperation._fn (C:\Users\ramin\AppData\Roaming\npm\node_modules\firebase-tools\lib\apiv2.js:288:77)
    at processTicksAndRejections (node:internal/process/task_queues:96:5)
[error] 
[error] Error: Failed to create project. See firebase-debug.log for more info.
[debug] [2023-01-26T14:39:02.577Z] ----------------------------------------------------------------------
[debug] [2023-01-26T14:39:02.579Z] Command:       C:\Program Files\nodejs\node.exe C:\Users\ramin\AppData\Roaming\npm\node_modules\firebase-tools\lib\bin\firebase.js init
[debug] [2023-01-26T14:39:02.579Z] CLI Version:   11.21.0
[debug] [2023-01-26T14:39:02.579Z] Platform:      win32
[debug] [2023-01-26T14:39:02.579Z] Node Version:  v16.16.0
[debug] [2023-01-26T14:39:02.580Z] Time:          Thu Jan 26 2023 15:39:02 GMT+0100 (Mitteleuropäische Normalzeit)
[debug] [2023-01-26T14:39:02.581Z] ----------------------------------------------------------------------
[debug] 
[debug] [2023-01-26T14:39:02.589Z] > command requires scopes: ["email","openid","https://www.googleapis.com/auth/cloudplatformprojects.readonly","https://www.googleapis.com/auth/firebase","https://www.googleapis.com/auth/cloud-platform"]
[debug] [2023-01-26T14:39:02.589Z] > authorizing via signed-in user (rameensher15@gmail.com)
[info] 
     ######## #### ########  ######## ########     ###     ######  ########
     ##        ##  ##     ## ##       ##     ##  ##   ##  ##       ##
     ######    ##  ########  ######   ########  #########  ######  ######
     ##        ##  ##    ##  ##       ##     ## ##     ##       ## ##
     ##       #### ##     ## ######## ########  ##     ##  ######  ########

You're about to initialize a Firebase project in this directory:

  C:\Users\ramin\Desktop\FindingCoachProj

[info] 
=== Project Setup
[info] 
[info] First, let's associate this project directory with a Firebase project.
[info] You can create multiple project aliases by running firebase use --add, 
[info] but for now we'll just set up a default project.
[info] 
[debug] [2023-01-26T14:39:10.750Z] >>> [apiv2][query] GET https://firebase.googleapis.com/v1beta1/projects pageSize=100
[debug] [2023-01-26T14:39:11.229Z] <<< [apiv2][status] GET https://firebase.googleapis.com/v1beta1/projects 200
[debug] [2023-01-26T14:39:11.229Z] <<< [apiv2][body] GET https://firebase.googleapis.com/v1beta1/projects [omitted]
[info] i  Using project coaches-decec (Coaches) 
[info] 
=== Hosting Setup
[info] 
[info] Your public directory is the folder (relative to your project directory) that
[info] will contain Hosting assets to be uploaded with firebase deploy. If you
[info] have a build process for your assets, use your build's output directory.
[info] 
[debug] [2023-01-26T14:44:58.221Z] >>> [apiv2][query] GET https://www.gstatic.com/firebasejs/releases.json [none]
[debug] [2023-01-26T14:44:58.322Z] <<< [apiv2][status] GET https://www.gstatic.com/firebasejs/releases.json 200
[debug] [2023-01-26T14:44:58.322Z] <<< [apiv2][body] GET https://www.gstatic.com/firebasejs/releases.json {"current":{"version":"9.16.0","browserURL":"https://www.gstatic.com/firebasejs/9.16.0/firebase.js","packageURL":"https://www.gstatic.com/firebasejs/9.16.0/firebase.tgz"},"live":{"version":"9.16","browserURL":"https://www.gstatic.com/firebasejs/live/9.16/firebase.js","packageURL":"https://www.gstatic.com/firebasejs/live/9.16/firebase.tgz"},"components":{"analytics":"https://www.gstatic.com/firebasejs/9.16.0/firebase-analytics.js","app":"https://www.gstatic.com/firebasejs/9.16.0/firebase-app.js","app-check":"https://www.gstatic.com/firebasejs/9.16.0/firebase-app-check.js","auth":"https://www.gstatic.com/firebasejs/9.16.0/firebase-auth.js","auth/cordova":"https://www.gstatic.com/firebasejs/9.16.0/firebase-auth/cordova.js","auth/react-native":"https://www.gstatic.com/firebasejs/9.16.0/firebase-auth/react-native.js","functions":"https://www.gstatic.com/firebasejs/9.16.0/firebase-functions.js","firestore":"https://www.gstatic.com/firebasejs/9.16.0/firebase-firestore.js","firestore/lite":"https://www.gstatic.com/firebasejs/9.16.0/firebase-firestore/lite.js","installations":"https://www.gstatic.com/firebasejs/9.16.0/firebase-installations.js","storage":"https://www.gstatic.com/firebasejs/9.16.0/firebase-storage.js","performance":"https://www.gstatic.com/firebasejs/9.16.0/firebase-performance.js","remote-config":"https://www.gstatic.com/firebasejs/9.16.0/firebase-remote-config.js","messaging":"https://www.gstatic.com/firebasejs/9.16.0/firebase-messaging.js","messaging/sw":"https://www.gstatic.com/firebasejs/9.16.0/firebase-messaging/sw.js","database":"https://www.gstatic.com/firebasejs/9.16.0/firebase-database.js","firestore.memory":"https://www.gstatic.com/firebasejs/9.16.0/firebase-firestore.memory.js"}}
[info] +  Wrote dist/index.html 
[info] 
[info] i  Didn't detect a .git folder. Assuming C:\Users\ramin\Desktop\FindingCoachProj is the project root. 
[info] i  Authorizing with GitHub to upload your service account to a GitHub repository's secrets store. 
[info] 
[info] Visit this URL on this device to log in:
[info] https://github.com/login/oauth/authorize?client_id=89cf50f02ac6aaed3484&state=749017054&redirect_uri=http%3A%2F%2Flocalhost%3A9005&scope=read%3Auser%20repo%20public_repo
[info] 
[info] Waiting for authentication...
[debug] [2023-01-26T14:45:34.163Z] >>> [apiv2][query] POST https://github.com/login/oauth/access_token [none]
[debug] [2023-01-26T14:45:34.163Z] >>> [apiv2][body] POST https://github.com/login/oauth/access_token [stream]
[debug] [2023-01-26T14:45:34.464Z] <<< [apiv2][status] POST https://github.com/login/oauth/access_token 200
[debug] [2023-01-26T14:45:34.464Z] <<< [apiv2][body] POST https://github.com/login/oauth/access_token {"access_token":"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","token_type":"bearer","scope":"read:user,repo"}
[debug] [2023-01-26T14:45:34.470Z] >>> [apiv2][query] GET https://api.github.com/user [none]
[debug] [2023-01-26T14:45:34.833Z] <<< [apiv2][status] GET https://api.github.com/user 200
[debug] [2023-01-26T14:45:34.833Z] <<< [apiv2][body] GET https://api.github.com/user {"login":"RamSher","id":86915094,"node_id":"MDQ6VXNlcjg2OTE1MDk0","avatar_url":"https://avatars.githubusercontent.com/u/86915094?v=4","gravatar_id":"","url":"https://api.github.com/users/RamSher","html_url":"https://github.com/RamSher","followers_url":"https://api.github.com/users/RamSher/followers","following_url":"https://api.github.com/users/RamSher/following{/other_user}","gists_url":"https://api.github.com/users/RamSher/gists{/gist_id}","starred_url":"https://api.github.com/users/RamSher/starred{/owner}{/repo}","subscriptions_url":"https://api.github.com/users/RamSher/subscriptions","organizations_url":"https://api.github.com/users/RamSher/orgs","repos_url":"https://api.github.com/users/RamSher/repos","events_url":"https://api.github.com/users/RamSher/events{/privacy}","received_events_url":"https://api.github.com/users/RamSher/received_events","type":"User","site_admin":false,"name":null,"company":null,"blog":"","location":null,"email":null,"hireable":null,"bio":null,"twitter_username":null,"public_repos":3,"public_gists":0,"followers":0,"following":1,"created_at":"2021-07-04T11:47:43Z","updated_at":"2022-10-28T14:54:38Z","private_gists":0,"total_private_repos":0,"owned_private_repos":0,"disk_usage":3037,"collaborators":0,"two_factor_authentication":false,"plan":{"name":"free","space":976562499,"collaborators":0,"private_repos":10000}}
[info] 
[info] +  Success! Logged into GitHub as RamSher 
[info] 
[debug] [2023-01-26T14:48:46.568Z] >>> [apiv2][query] GET https://api.github.com/repos//actions/secrets/public-key type=owner
[debug] [2023-01-26T14:48:46.768Z] <<< [apiv2][status] GET https://api.github.com/repos//actions/secrets/public-key 404
[debug] [2023-01-26T14:48:46.768Z] <<< [apiv2][body] GET https://api.github.com/repos//actions/secrets/public-key {"message":"Not Found","documentation_url":"https://docs.github.com/rest"}
[debug] [2023-01-26T14:48:56.779Z] >>> [apiv2][query] GET https://api.github.com/repos//actions/secrets/public-key type=owner
[debug] [2023-01-26T14:48:56.951Z] <<< [apiv2][status] GET https://api.github.com/repos//actions/secrets/public-key 404
[debug] [2023-01-26T14:48:56.951Z] <<< [apiv2][body] GET https://api.github.com/repos//actions/secrets/public-key {"message":"Not Found","documentation_url":"https://docs.github.com/rest"}
[debug] [2023-01-26T14:49:19.544Z] >>> [apiv2][query] GET https://api.github.com/repos//actions/secrets/public-key type=owner
[debug] [2023-01-26T14:49:19.733Z] <<< [apiv2][status] GET https://api.github.com/repos//actions/secrets/public-key 404
[debug] [2023-01-26T14:49:19.734Z] <<< [apiv2][body] GET https://api.github.com/repos//actions/secrets/public-key {"message":"Not Found","documentation_url":"https://docs.github.com/rest"}
[debug] [2023-01-26T14:49:21.504Z] >>> [apiv2][query] GET https://api.github.com/repos/xx/actions/secrets/public-key type=owner
[debug] [2023-01-26T14:49:21.675Z] <<< [apiv2][status] GET https://api.github.com/repos/xx/actions/secrets/public-key 404
[debug] [2023-01-26T14:49:21.676Z] <<< [apiv2][body] GET https://api.github.com/repos/xx/actions/secrets/public-key {"message":"Not Found","documentation_url":"https://docs.github.com/rest"}
[debug] [2023-01-26T14:49:36.870Z] >>> [apiv2][query] GET https://api.github.com/repos/FindCoachingProj/actions/secrets/public-key type=owner
[debug] [2023-01-26T14:49:37.184Z] <<< [apiv2][status] GET https://api.github.com/repos/FindCoachingProj/actions/secrets/public-key 404
[debug] [2023-01-26T14:49:37.185Z] <<< [apiv2][body] GET https://api.github.com/repos/FindCoachingProj/actions/secrets/public-key {"message":"Not Found","documentation_url":"https://docs.github.com/rest"}
